  Application.cpp
C:\Users\Kavinda Ravishan\source\repos\kavinda-ravishan\OpenCV_object_tracking_system\OpenCV_object_tracking_system\Application.cpp(36,56): warning C4244: 'initializing': conversion from 'double' to 'int', possible loss of data
C:\Users\Kavinda Ravishan\source\repos\kavinda-ravishan\OpenCV_object_tracking_system\OpenCV_object_tracking_system\Application.cpp(68,35): warning C4474: 'sprintf_s' : too many arguments passed for format string
C:\Users\Kavinda Ravishan\source\repos\kavinda-ravishan\OpenCV_object_tracking_system\OpenCV_object_tracking_system\Application.cpp(68,35): message : placeholders and their parameters expect 0 variadic arguments, but 1 were provided
C:\Users\Kavinda Ravishan\source\repos\kavinda-ravishan\OpenCV_object_tracking_system\OpenCV_object_tracking_system\Application.cpp(69,35): warning C4474: 'sprintf_s' : too many arguments passed for format string
C:\Users\Kavinda Ravishan\source\repos\kavinda-ravishan\OpenCV_object_tracking_system\OpenCV_object_tracking_system\Application.cpp(69,35): message : placeholders and their parameters expect 0 variadic arguments, but 1 were provided
C:\Users\Kavinda Ravishan\source\repos\kavinda-ravishan\OpenCV_object_tracking_system\OpenCV_object_tracking_system\Application.cpp(70,35): warning C4474: 'sprintf_s' : too many arguments passed for format string
C:\Users\Kavinda Ravishan\source\repos\kavinda-ravishan\OpenCV_object_tracking_system\OpenCV_object_tracking_system\Application.cpp(70,35): message : placeholders and their parameters expect 0 variadic arguments, but 1 were provided
C:\Users\Kavinda Ravishan\source\repos\kavinda-ravishan\OpenCV_object_tracking_system\OpenCV_object_tracking_system\Application.cpp(71,35): warning C4474: 'sprintf_s' : too many arguments passed for format string
C:\Users\Kavinda Ravishan\source\repos\kavinda-ravishan\OpenCV_object_tracking_system\OpenCV_object_tracking_system\Application.cpp(71,35): message : placeholders and their parameters expect 0 variadic arguments, but 1 were provided
C:\Users\Kavinda Ravishan\source\repos\kavinda-ravishan\OpenCV_object_tracking_system\OpenCV_object_tracking_system\Application.cpp(72,35): warning C4474: 'sprintf_s' : too many arguments passed for format string
C:\Users\Kavinda Ravishan\source\repos\kavinda-ravishan\OpenCV_object_tracking_system\OpenCV_object_tracking_system\Application.cpp(72,35): message : placeholders and their parameters expect 0 variadic arguments, but 1 were provided
C:\Users\Kavinda Ravishan\source\repos\kavinda-ravishan\OpenCV_object_tracking_system\OpenCV_object_tracking_system\Application.cpp(73,35): warning C4474: 'sprintf_s' : too many arguments passed for format string
C:\Users\Kavinda Ravishan\source\repos\kavinda-ravishan\OpenCV_object_tracking_system\OpenCV_object_tracking_system\Application.cpp(73,35): message : placeholders and their parameters expect 0 variadic arguments, but 1 were provided
C:\Users\Kavinda Ravishan\source\repos\kavinda-ravishan\OpenCV_object_tracking_system\OpenCV_object_tracking_system\Application.cpp(261,36): warning C4267: 'initializing': conversion from 'size_t' to 'int', possible loss of data
C:\Users\Kavinda Ravishan\source\repos\kavinda-ravishan\OpenCV_object_tracking_system\OpenCV_object_tracking_system\Application.cpp(274,21): warning C4244: '=': conversion from 'double' to 'int', possible loss of data
C:\Users\Kavinda Ravishan\source\repos\kavinda-ravishan\OpenCV_object_tracking_system\OpenCV_object_tracking_system\Application.cpp(275,21): warning C4244: '=': conversion from 'double' to 'int', possible loss of data
  Serial.cpp
C:\Users\Kavinda Ravishan\source\repos\kavinda-ravishan\OpenCV_object_tracking_system\OpenCV_object_tracking_system\Serial.cpp(25,11): warning C4477: 'printf' : format string '%s' requires an argument of type 'char *', but variadic argument 1 has type 'LPCWSTR'
C:\Users\Kavinda Ravishan\source\repos\kavinda-ravishan\OpenCV_object_tracking_system\OpenCV_object_tracking_system\Serial.cpp(25,11): message : consider using '%ls' in the format string
C:\Users\Kavinda Ravishan\source\repos\kavinda-ravishan\OpenCV_object_tracking_system\OpenCV_object_tracking_system\Serial.cpp(25,11): message : consider using '%lls' in the format string
C:\Users\Kavinda Ravishan\source\repos\kavinda-ravishan\OpenCV_object_tracking_system\OpenCV_object_tracking_system\Serial.cpp(25,11): message : consider using '%Ls' in the format string
C:\Users\Kavinda Ravishan\source\repos\kavinda-ravishan\OpenCV_object_tracking_system\OpenCV_object_tracking_system\Serial.cpp(25,11): message : consider using '%ws' in the format string
  Generating code
  433 of 441 functions (98.2%) were compiled, the rest were copied from previous compilation.
    35 functions were new in current compilation
    1 functions had inline decision re-evaluated but remain unchanged
  Finished generating code
  OpenCV_object_tracking_system.vcxproj -> C:\Users\Kavinda Ravishan\source\repos\kavinda-ravishan\OpenCV_object_tracking_system\x64\Release\OpenCV_object_tracking_system.exe
